0 info it worked if it ends with ok
1 verbose cli [ '/usr/bin/nodejs', '/usr/bin/npm', 'run', 'savage' ]
2 info using npm@3.5.2
3 info using node@v4.2.6
4 verbose run-script [ 'presavage', 'savage', 'postsavage' ]
5 info lifecycle crud-express-mongo@1.0.0~presavage: crud-express-mongo@1.0.0
6 silly lifecycle crud-express-mongo@1.0.0~presavage: no script for presavage, continuing
7 info lifecycle crud-express-mongo@1.0.0~savage: crud-express-mongo@1.0.0
8 verbose lifecycle crud-express-mongo@1.0.0~savage: unsafe-perm in lifecycle true
9 verbose lifecycle crud-express-mongo@1.0.0~savage: PATH: /usr/share/npm/bin/node-gyp-bin:/home/resilient/Desktop/fan-website/node_modules/.bin:/home/resilient/bin:/home/resilient/.local/bin:/usr/local/sbin:/usr/local/bin:/usr/sbin:/usr/bin:/sbin:/bin:/usr/games:/usr/local/games:/snap/bin
10 verbose lifecycle crud-express-mongo@1.0.0~savage: CWD: /home/resilient/Desktop/fan-website
11 silly lifecycle crud-express-mongo@1.0.0~savage: Args: [ '-c', 'nodemon server.js' ]
12 silly lifecycle crud-express-mongo@1.0.0~savage: Returned: code: 1  signal: null
13 info lifecycle crud-express-mongo@1.0.0~savage: Failed to exec savage script
14 verbose stack Error: crud-express-mongo@1.0.0 savage: `nodemon server.js`
14 verbose stack Exit status 1
14 verbose stack     at EventEmitter.<anonymous> (/usr/share/npm/lib/utils/lifecycle.js:232:16)
14 verbose stack     at emitTwo (events.js:87:13)
14 verbose stack     at EventEmitter.emit (events.js:172:7)
14 verbose stack     at ChildProcess.<anonymous> (/usr/share/npm/lib/utils/spawn.js:24:14)
14 verbose stack     at emitTwo (events.js:87:13)
14 verbose stack     at ChildProcess.emit (events.js:172:7)
14 verbose stack     at maybeClose (internal/child_process.js:821:16)
14 verbose stack     at Process.ChildProcess._handle.onexit (internal/child_process.js:211:5)
15 verbose pkgid crud-express-mongo@1.0.0
16 verbose cwd /home/resilient/Desktop/fan-website
17 error Linux 4.13.0-36-generic
18 error argv "/usr/bin/nodejs" "/usr/bin/npm" "run" "savage"
19 error node v4.2.6
20 error npm  v3.5.2
21 error code ELIFECYCLE
22 error crud-express-mongo@1.0.0 savage: `nodemon server.js`
22 error Exit status 1
23 error Failed at the crud-express-mongo@1.0.0 savage script 'nodemon server.js'.
23 error Make sure you have the latest version of node.js and npm installed.
23 error If you do, this is most likely a problem with the crud-express-mongo package,
23 error not with npm itself.
23 error Tell the author that this fails on your system:
23 error     nodemon server.js
23 error You can get information on how to open an issue for this project with:
23 error     npm bugs crud-express-mongo
23 error Or if that isn't available, you can get their info via:
23 error     npm owner ls crud-express-mongo
23 error There is likely additional logging output above.
24 verbose exit [ 1, true ]
